<?xml version="1.0" encoding="utf-8"?><testsuites name="pytest tests"><testsuite name="pytest" errors="0" failures="0" skipped="0" tests="8" time="2.616" timestamp="2026-07-02T20:10:31.248158+00:00" hostname="agent-env-27705287-0ddc-4ba9-be08-9a78a3c87ac4"><testcase classname="backend.tests.test_iteration5_market.TestMarketCatalog" name="test_get_market_returns_coins_and_catalog" time="0.504" /><testcase classname="backend.tests.test_iteration5_market.TestMarketBuy" name="test_buy_vip_weekly_deducts_150_and_sets_weekly_tier" time="0.252" /><testcase classname="backend.tests.test_iteration5_market.TestMarketBuy" name="test_buy_badge_sets_active_badge" time="0.128" /><testcase classname="backend.tests.test_iteration5_market.TestMarketBuy" name="test_buy_frame_sets_active_frame_with_color" time="0.063" /><testcase classname="backend.tests.test_iteration5_market.TestMarketBuy" name="test_buy_unknown_item_returns_404" time="0.062" /><testcase classname="backend.tests.test_iteration5_market.TestMarketBuy" name="test_insufficient_coins_returns_400" time="0.530" /><testcase classname="backend.tests.test_iteration5_market.TestUserCardShowsVipAndCosmetics" name="test_users_list_carries_vip_and_cosmetics" time="0.473" /><testcase classname="backend.tests.test_iteration5_market.TestVipWeeklyExpiryFormat" name="test_vip_expires_at_is_iso_and_about_7_days" time="0.526" /></testsuite></testsuites>