<?xml version="1.0" encoding="utf-8"?><testsuites name="pytest tests"><testsuite name="pytest" errors="0" failures="0" skipped="0" tests="7" time="2.599" timestamp="2026-07-02T18:19:08.183625+00:00" hostname="agent-env-27705287-0ddc-4ba9-be08-9a78a3c87ac4"><testcase classname="tests.test_new_features" name="test_login_returns_streak_and_created_at" time="0.247" /><testcase classname="tests.test_new_features" name="test_me_endpoint_returns_streak" time="0.228" /><testcase classname="tests.test_new_features" name="test_visit_records_and_dedupes_and_returns_view_count" time="0.458" /><testcase classname="tests.test_new_features" name="test_self_visit_not_recorded" time="0.229" /><testcase classname="tests.test_new_features" name="test_me_visitors_endpoint_shape_and_sort" time="0.453" /><testcase classname="tests.test_new_features" name="test_image_message_and_media_serving" time="0.458" /><testcase classname="tests.test_new_features" name="test_image_invalid_base64_rejected" time="0.453" /></testsuite></testsuites>