<?xml version="1.0" encoding="utf-8"?><testsuites name="pytest tests"><testsuite name="pytest" errors="0" failures="2" skipped="0" tests="19" time="9.687" timestamp="2026-07-02T18:19:16.812196+00:00" hostname="agent-env-27705287-0ddc-4ba9-be08-9a78a3c87ac4"><testcase classname="tests.test_api" name="test_register_login_me" time="0.677" /><testcase classname="tests.test_api" name="test_me_requires_token" time="0.003" /><testcase classname="tests.test_api" name="test_update_profile" time="0.227" /><testcase classname="tests.test_api" name="test_partners_listing" time="0.230" /><testcase classname="tests.test_api" name="test_chat_flow" time="0.464" /><testcase classname="tests.test_api" name="test_moments_flow" time="0.240" /><testcase classname="tests.test_api" name="test_ai_translate" time="2.495" /><testcase classname="tests.test_api" name="test_ai_correct" time="1.814" /><testcase classname="tests.test_new_features" name="test_login_returns_streak_and_created_at" time="0.224" /><testcase classname="tests.test_new_features" name="test_me_endpoint_returns_streak" time="0.226" /><testcase classname="tests.test_new_features" name="test_visit_records_and_dedupes_and_returns_view_count" time="0.455" /><testcase classname="tests.test_new_features" name="test_self_visit_not_recorded" time="0.228" /><testcase classname="tests.test_new_features" name="test_me_visitors_endpoint_shape_and_sort" time="0.453" /><testcase classname="tests.test_new_features" name="test_image_message_and_media_serving" time="0.458" /><testcase classname="tests.test_new_features" name="test_image_invalid_base64_rejected" time="0.452" /><testcase classname="tests.test_rooms_voice" name="test_room_full_lifecycle" time="0.476" /><testcase classname="tests.test_rooms_voice" name="test_voice_message_and_audio_fetch" time="0.467" /><testcase classname="tests.test_websocket" name="test_ws_invalid_token_rejected" time="0.000"><failure message="Failed: async def functions are not natively supported.&#10;You need to install a suitable plugin for your async framework, for example:&#10;  - anyio&#10;  - pytest-asyncio&#10;  - pytest-tornasync&#10;  - pytest-trio&#10;  - pytest-twisted">async def functions are not natively supported.
You need to install a suitable plugin for your async framework, for example:
  - anyio
  - pytest-asyncio
  - pytest-tornasync
  - pytest-trio
  - pytest-twisted</failure></testcase><testcase classname="tests.test_websocket" name="test_ws_receives_new_message_event" time="0.000"><failure message="Failed: async def functions are not natively supported.&#10;You need to install a suitable plugin for your async framework, for example:&#10;  - anyio&#10;  - pytest-asyncio&#10;  - pytest-tornasync&#10;  - pytest-trio&#10;  - pytest-twisted">async def functions are not natively supported.
You need to install a suitable plugin for your async framework, for example:
  - anyio
  - pytest-asyncio
  - pytest-tornasync
  - pytest-trio
  - pytest-twisted</failure></testcase></testsuite></testsuites>